<?xml version="1.0" encoding="UTF-8"?>
<testng-results skipped="0" failed="0" ignored="0" total="1" passed="1">
  <reporter-output>
  </reporter-output>
  <suite name="Regression Test Suite" duration-ms="53112" started-at="2018-11-28T15:51:39Z" finished-at="2018-11-28T15:52:32Z">
    <groups>
      <group name="cucumber">
        <method signature="AbstractTestNGCucumberTests.feature(cucumber.api.testng.CucumberFeatureWrapper)[pri:0, instance:com.mwp.abbmi.runners.MainRunner@29ee9faa]" name="feature" class="cucumber.api.testng.AbstractTestNGCucumberTests"/>
      </group> <!-- cucumber -->
    </groups>
    <test name="Regression Tests" duration-ms="53112" started-at="2018-11-28T15:51:39Z" finished-at="2018-11-28T15:52:32Z">
      <class name="com.mwp.abbmi.runners.MainRunner">
        <test-method status="PASS" signature="setUpClass()[pri:0, instance:com.mwp.abbmi.runners.MainRunner@29ee9faa]" name="setUpClass" is-config="true" duration-ms="308" started-at="2018-11-28T15:51:39Z" finished-at="2018-11-28T15:51:40Z">
          <reporter-output>
          </reporter-output>
        </test-method> <!-- setUpClass -->
        <test-method status="PASS" signature="feature(cucumber.api.testng.CucumberFeatureWrapper)[pri:0, instance:com.mwp.abbmi.runners.MainRunner@29ee9faa]" name="feature" duration-ms="52170" started-at="2018-11-28T15:51:40Z" description="Runs Cucumber Feature" data-provider="features" finished-at="2018-11-28T15:52:32Z">
          <params>
            <param index="0">
              <value>
                <![CDATA[Validate Adming functionality]]>
              </value>
            </param>
          </params>
          <reporter-output>
          </reporter-output>
        </test-method> <!-- feature -->
        <test-method status="PASS" signature="tearDownClass()[pri:0, instance:com.mwp.abbmi.runners.MainRunner@29ee9faa]" name="tearDownClass" is-config="true" duration-ms="505" started-at="2018-11-28T15:52:32Z" finished-at="2018-11-28T15:52:32Z">
          <reporter-output>
          </reporter-output>
        </test-method> <!-- tearDownClass -->
      </class> <!-- com.mwp.abbmi.runners.MainRunner -->
    </test> <!-- Regression Tests -->
  </suite> <!-- Regression Test Suite -->
</testng-results>
